0 info it worked if it ends with ok
1 verbose cli [ '/usr/bin/nodejs',
1 verbose cli   '/usr/bin/npm',
1 verbose cli   'install',
1 verbose cli   'angular-animate#1.3.0-rc.3',
1 verbose cli   '--save' ]
2 info using npm@1.3.10
3 info using node@v0.10.25
4 verbose readDependencies using package.json deps
5 verbose cache add [ 'angular-animate#1.3.0-rc.3', null ]
6 verbose cache add name=undefined spec="angular-animate#1.3.0-rc.3" args=["angular-animate#1.3.0-rc.3",null]
7 verbose parsed url { protocol: null,
7 verbose parsed url   slashes: null,
7 verbose parsed url   auth: null,
7 verbose parsed url   host: null,
7 verbose parsed url   port: null,
7 verbose parsed url   hostname: null,
7 verbose parsed url   hash: '#1.3.0-rc.3',
7 verbose parsed url   search: null,
7 verbose parsed url   query: null,
7 verbose parsed url   pathname: 'angular-animate',
7 verbose parsed url   path: 'angular-animate',
7 verbose parsed url   href: 'angular-animate#1.3.0-rc.3' }
8 silly lockFile 2d55a7b4-angular-animate-1-3-0-rc-3 angular-animate#1.3.0-rc.3
9 verbose lock angular-animate#1.3.0-rc.3 /home/soyaku/.npm/2d55a7b4-angular-animate-1-3-0-rc-3.lock
10 silly lockFile 2d55a7b4-angular-animate-1-3-0-rc-3 angular-animate#1.3.0-rc.3
11 silly lockFile 2d55a7b4-angular-animate-1-3-0-rc-3 angular-animate#1.3.0-rc.3
12 verbose addNamed [ 'angular-animate#1.3.0-rc.3', '' ]
13 verbose addNamed [ null, '*' ]
14 silly lockFile 19705b8a-angular-animate-1-3-0-rc-3 angular-animate#1.3.0-rc.3@
15 verbose lock angular-animate#1.3.0-rc.3@ /home/soyaku/.npm/19705b8a-angular-animate-1-3-0-rc-3.lock
16 silly addNameRange { name: 'angular-animate#1.3.0-rc.3',
16 silly addNameRange   range: '*',
16 silly addNameRange   hasData: false }
17 verbose url raw angular-animate#1.3.0-rc.3
18 verbose url resolving [ 'https://registry.npmjs.org/',
18 verbose url resolving   './angular-animate%231.3.0-rc.3' ]
19 verbose url resolved https://registry.npmjs.org/angular-animate%231.3.0-rc.3
20 info trying registry request attempt 1 at 16:48:47
21 http GET https://registry.npmjs.org/angular-animate%231.3.0-rc.3
22 http 404 https://registry.npmjs.org/angular-animate%231.3.0-rc.3
23 silly registry.get cb [ 404,
23 silly registry.get   { date: 'Wed, 24 Sep 2014 21:48:48 GMT',
23 silly registry.get     server: 'CouchDB/1.5.0 (Erlang OTP/R16B03)',
23 silly registry.get     'content-type': 'application/json',
23 silly registry.get     'cache-control': 'max-age=0',
23 silly registry.get     'content-length': '52',
23 silly registry.get     'accept-ranges': 'bytes',
23 silly registry.get     via: '1.1 varnish',
23 silly registry.get     age: '0',
23 silly registry.get     'x-served-by': 'cache-iad2134-IAD',
23 silly registry.get     'x-cache': 'MISS',
23 silly registry.get     'x-cache-hits': '0',
23 silly registry.get     'x-timer': 'S1411595328.208727,VS0,VE87',
23 silly registry.get     'keep-alive': 'timeout=10, max=50',
23 silly registry.get     connection: 'Keep-Alive' } ]
24 silly lockFile 19705b8a-angular-animate-1-3-0-rc-3 angular-animate#1.3.0-rc.3@
25 silly lockFile 19705b8a-angular-animate-1-3-0-rc-3 angular-animate#1.3.0-rc.3@
26 error 404 'angular-animate%231.3.0-rc.3' is not in the npm registry.
26 error 404 You should bug the author to publish it
26 error 404
26 error 404 Note that you can also install from a
26 error 404 tarball, folder, or http url, or git url.
27 error System Linux 3.13.0-35-generic
28 error command "/usr/bin/nodejs" "/usr/bin/npm" "install" "angular-animate#1.3.0-rc.3" "--save"
29 error cwd /home/soyaku/apps/personal/knipit
30 error node -v v0.10.25
31 error npm -v 1.3.10
32 error code E404
33 verbose exit [ 1, true ]
